# JRE version: OpenJDK Runtime Environment (21.0.6) (build 21.0.6+-13355223-b631.42)
# Java VM: OpenJDK 64-Bit Server VM (21.0.6+-13355223-b631.42, mixed mode, tiered, compressed oops, compressed class ptrs, g1 gc, windows-amd64)
GC Precious Log:
 CardTable entry size: 512
 Card Set container configuration: InlinePtr #cards 5 size 8 Array Of Cards #cards 12 size 40 Howl #buckets 4 coarsen threshold 1843 Howl Bitmap #cards 512 size 80 coarsen threshold 460 Card regions per heap region 1 cards per card region 2048
 CPUs: 12 total, 12 available
 Memory: 13181M
 Large Page Support: Disabled
 NUMA Support: Disabled
 Compressed Oops: Enabled (32-bit)
 Heap Region Size: 1M
 Heap Min Capacity: 8M
 Heap Initial Capacity: 206M
 Heap Max Capacity: 2G
 Pre-touch: Disabled
 Parallel Workers: 10
 Concurrent Workers: 3
 Concurrent Refinement Workers: 10
 Periodic GC: Disabled
Heap:
 garbage-first heap   total 229376K, used 169016K [0x0000000080000000, 0x0000000100000000)
  region size 1024K, 52 young (53248K), 6 survivors (6144K)
 Metaspace       used 121150K, committed 123264K, reserved 1179648K
  class space    used 16083K, committed 17152K, reserved 1048576K
GC Heap History (20 events):
Event: 8.708 GC heap before
{Heap before GC invocations=23 (full 0):
 garbage-first heap   total 159744K, used 143153K [0x0000000080000000, 0x0000000100000000)
  region size 1024K, 70 young (71680K), 6 survivors (6144K)
 Metaspace       used 95560K, committed 97472K, reserved 1179648K
  class space    used 12860K, committed 13824K, reserved 1048576K
}
Event: 8.713 GC heap after
{Heap after GC invocations=24 (full 0):
 garbage-first heap   total 159744K, used 79478K [0x0000000080000000, 0x0000000100000000)
  region size 1024K, 3 young (3072K), 3 survivors (3072K)
 Metaspace       used 95560K, committed 97472K, reserved 1179648K
  class space    used 12860K, committed 13824K, reserved 1048576K
}
Event: 9.281 GC heap before
{Heap before GC invocations=24 (full 0):
 garbage-first heap   total 159744K, used 143990K [0x0000000080000000, 0x0000000100000000)
  region size 1024K, 66 young (67584K), 3 survivors (3072K)
 Metaspace       used 100862K, committed 102912K, reserved 1179648K
  class space    used 13673K, committed 14656K, reserved 1048576K
}
Event: 9.286 GC heap after
{Heap after GC invocations=25 (full 0):
 garbage-first heap   total 159744K, used 81654K [0x0000000080000000, 0x0000000100000000)
  region size 1024K, 6 young (6144K), 6 survivors (6144K)
 Metaspace       used 100862K, committed 102912K, reserved 1179648K
  class space    used 13673K, committed 14656K, reserved 1048576K
}
Event: 9.808 GC heap before
{Heap before GC invocations=25 (full 0):
 garbage-first heap   total 159744K, used 144118K [0x0000000080000000, 0x0000000100000000)
  region size 1024K, 67 young (68608K), 6 survivors (6144K)
 Metaspace       used 106408K, committed 108544K, reserved 1179648K
  class space    used 14464K, committed 15488K, reserved 1048576K
}
Event: 9.815 GC heap after
{Heap after GC invocations=26 (full 0):
 garbage-first heap   total 159744K, used 84994K [0x0000000080000000, 0x0000000100000000)
  region size 1024K, 7 young (7168K), 7 survivors (7168K)
 Metaspace       used 106408K, committed 108544K, reserved 1179648K
  class space    used 14464K, committed 15488K, reserved 1048576K
}
Event: 10.320 GC heap before
{Heap before GC invocations=27 (full 0):
 garbage-first heap   total 159744K, used 146434K [0x0000000080000000, 0x0000000100000000)
  region size 1024K, 63 young (64512K), 7 survivors (7168K)
 Metaspace       used 111228K, committed 113472K, reserved 1179648K
  class space    used 15052K, committed 16192K, reserved 1048576K
}
Event: 10.327 GC heap after
{Heap after GC invocations=28 (full 0):
 garbage-first heap   total 160768K, used 90888K [0x0000000080000000, 0x0000000100000000)
  region size 1024K, 8 young (8192K), 8 survivors (8192K)
 Metaspace       used 111228K, committed 113472K, reserved 1179648K
  class space    used 15052K, committed 16192K, reserved 1048576K
}
Event: 10.661 GC heap before
{Heap before GC invocations=28 (full 0):
 garbage-first heap   total 160768K, used 142088K [0x0000000080000000, 0x0000000100000000)
  region size 1024K, 59 young (60416K), 8 survivors (8192K)
 Metaspace       used 111922K, committed 114176K, reserved 1179648K
  class space    used 15118K, committed 16256K, reserved 1048576K
}
Event: 10.669 GC heap after
{Heap after GC invocations=29 (full 0):
 garbage-first heap   total 194560K, used 96729K [0x0000000080000000, 0x0000000100000000)
  region size 1024K, 7 young (7168K), 7 survivors (7168K)
 Metaspace       used 111922K, committed 114176K, reserved 1179648K
  class space    used 15118K, committed 16256K, reserved 1048576K
}
Event: 11.675 GC heap before
{Heap before GC invocations=29 (full 0):
 garbage-first heap   total 194560K, used 180697K [0x0000000080000000, 0x0000000100000000)
  region size 1024K, 81 young (82944K), 7 survivors (7168K)
 Metaspace       used 114754K, committed 116992K, reserved 1179648K
  class space    used 15456K, committed 16576K, reserved 1048576K
}
Event: 11.689 GC heap after
{Heap after GC invocations=30 (full 0):
 garbage-first heap   total 210944K, used 120103K [0x0000000080000000, 0x0000000100000000)
  region size 1024K, 11 young (11264K), 11 survivors (11264K)
 Metaspace       used 114754K, committed 116992K, reserved 1179648K
  class space    used 15456K, committed 16576K, reserved 1048576K
}
Event: 11.892 GC heap before
{Heap before GC invocations=30 (full 0):
 garbage-first heap   total 210944K, used 164135K [0x0000000080000000, 0x0000000100000000)
  region size 1024K, 45 young (46080K), 11 survivors (11264K)
 Metaspace       used 114820K, committed 116992K, reserved 1179648K
  class space    used 15459K, committed 16576K, reserved 1048576K
}
Event: 11.900 GC heap after
{Heap after GC invocations=31 (full 0):
 garbage-first heap   total 210944K, used 132633K [0x0000000080000000, 0x0000000100000000)
  region size 1024K, 9 young (9216K), 9 survivors (9216K)
 Metaspace       used 114820K, committed 116992K, reserved 1179648K
  class space    used 15459K, committed 16576K, reserved 1048576K
}
Event: 12.231 GC heap before
{Heap before GC invocations=32 (full 0):
 garbage-first heap   total 229376K, used 183833K [0x0000000080000000, 0x0000000100000000)
  region size 1024K, 56 young (57344K), 9 survivors (9216K)
 Metaspace       used 118561K, committed 120704K, reserved 1179648K
  class space    used 15819K, committed 16896K, reserved 1048576K
}
Event: 12.238 GC heap after
{Heap after GC invocations=33 (full 0):
 garbage-first heap   total 229376K, used 133650K [0x0000000080000000, 0x0000000100000000)
  region size 1024K, 5 young (5120K), 5 survivors (5120K)
 Metaspace       used 118561K, committed 120704K, reserved 1179648K
  class space    used 15819K, committed 16896K, reserved 1048576K
}
Event: 12.535 GC heap before
{Heap before GC invocations=33 (full 0):
 garbage-first heap   total 229376K, used 196114K [0x0000000080000000, 0x0000000100000000)
  region size 1024K, 67 young (68608K), 5 survivors (5120K)
 Metaspace       used 120259K, committed 122496K, reserved 1179648K
  class space    used 15996K, committed 17088K, reserved 1048576K
}
Event: 12.546 GC heap after
{Heap after GC invocations=34 (full 0):
 garbage-first heap   total 229376K, used 142057K [0x0000000080000000, 0x0000000100000000)
  region size 1024K, 9 young (9216K), 9 survivors (9216K)
 Metaspace       used 120259K, committed 122496K, reserved 1179648K
  class space    used 15996K, committed 17088K, reserved 1048576K
}
Event: 13.152 GC heap before
{Heap before GC invocations=34 (full 0):
 garbage-first heap   total 229376K, used 198377K [0x0000000080000000, 0x0000000100000000)
  region size 1024K, 65 young (66560K), 9 survivors (9216K)
 Metaspace       used 120528K, committed 122688K, reserved 1179648K
  class space    used 16009K, committed 17088K, reserved 1048576K
}
Event: 13.156 GC heap after
{Heap after GC invocations=35 (full 0):
 garbage-first heap   total 229376K, used 141368K [0x0000000080000000, 0x0000000100000000)
  region size 1024K, 6 young (6144K), 6 survivors (6144K)
 Metaspace       used 120528K, committed 122688K, reserved 1179648K
  class space    used 16009K, committed 17088K, reserved 1048576K
}

